<?xml version="1.0" encoding="UTF-8"?>
<coverage generated="1755558634215" clover="3.2.0">
  <project timestamp="1755558634215" name="All files">
    <metrics statements="26" coveredstatements="25" conditionals="16" coveredconditionals="15" methods="17" coveredmethods="16" elements="59" coveredelements="56" complexity="0" loc="26" ncloc="26" packages="2" files="4" classes="4"/>
    <package name="src">
      <metrics statements="4" coveredstatements="4" conditionals="2" coveredconditionals="2" methods="2" coveredmethods="2"/>
      <file name="App.jsx" path="C:/Users/hp/OneDrive/Bureau/matchy/src/App.jsx">
        <metrics statements="2" coveredstatements="2" conditionals="2" coveredconditionals="2" methods="1" coveredmethods="1"/>
        <line num="6" count="2" type="stmt"/>
        <line num="8" count="2" type="stmt"/>
      </file>
      <file name="cards.js" path="C:/Users/hp/OneDrive/Bureau/matchy/src/cards.js">
        <metrics statements="2" coveredstatements="2" conditionals="0" coveredconditionals="0" methods="1" coveredmethods="1"/>
        <line num="1" count="4" type="stmt"/>
        <line num="98" count="171" type="stmt"/>
      </file>
    </package>
    <package name="src.pages">
      <metrics statements="22" coveredstatements="21" conditionals="14" coveredconditionals="13" methods="15" coveredmethods="14"/>
      <file name="Game.jsx" path="C:/Users/hp/OneDrive/Bureau/matchy/src/pages/Game.jsx">
        <metrics statements="20" coveredstatements="19" conditionals="14" coveredconditionals="13" methods="13" coveredmethods="12"/>
        <line num="8" count="10" type="stmt"/>
        <line num="9" count="10" type="stmt"/>
        <line num="11" count="10" type="stmt"/>
        <line num="13" count="160" type="stmt"/>
        <line num="18" count="160" type="stmt"/>
        <line num="22" count="3" type="stmt"/>
        <line num="38" count="26" type="stmt"/>
        <line num="40" count="10" type="stmt"/>
        <line num="42" count="9" type="stmt"/>
        <line num="44" count="9" type="cond" truecount="2" falsecount="0"/>
        <line num="46" count="1" type="stmt"/>
        <line num="48" count="1" type="cond" truecount="1" falsecount="1"/>
        <line num="49" count="1" type="stmt"/>
        <line num="50" count="16" type="cond" truecount="2" falsecount="0"/>
        <line num="55" count="1" type="stmt"/>
        <line num="56" count="0" type="stmt"/>
        <line num="62" count="3" type="stmt"/>
        <line num="66" count="16" type="stmt"/>
        <line num="67" count="1" type="stmt"/>
        <line num="70" count="10" type="stmt"/>
      </file>
      <file name="Home.jsx" path="C:/Users/hp/OneDrive/Bureau/matchy/src/pages/Home.jsx">
        <metrics statements="2" coveredstatements="2" conditionals="0" coveredconditionals="0" methods="2" coveredmethods="2"/>
        <line num="4" count="5" type="stmt"/>
        <line num="10" count="1" type="stmt"/>
      </file>
    </package>
  </project>
</coverage>
