<?xml version="1.0" encoding="UTF-8"?>
<coverage generated="1755538806231" clover="3.2.0">
  <project timestamp="1755538806231" name="All files">
    <metrics statements="22" coveredstatements="14" conditionals="14" coveredconditionals="7" methods="12" coveredmethods="8" elements="48" coveredelements="29" complexity="0" loc="22" ncloc="22" packages="2" files="2" classes="2"/>
    <package name="src">
      <metrics statements="2" coveredstatements="2" conditionals="0" coveredconditionals="0" methods="1" coveredmethods="1"/>
      <file name="cards.js" path="C:/Users/hp/OneDrive/Bureau/matchy/src/cards.js">
        <metrics statements="2" coveredstatements="2" conditionals="0" coveredconditionals="0" methods="1" coveredmethods="1"/>
        <line num="1" count="1" type="stmt"/>
        <line num="98" count="42" type="stmt"/>
      </file>
    </package>
    <package name="src.pages">
      <metrics statements="20" coveredstatements="12" conditionals="14" coveredconditionals="7" methods="11" coveredmethods="7"/>
      <file name="Game.jsx" path="C:/Users/hp/OneDrive/Bureau/matchy/src/pages/Game.jsx">
        <metrics statements="20" coveredstatements="12" conditionals="14" coveredconditionals="7" methods="11" coveredmethods="7"/>
        <line num="8" count="3" type="stmt"/>
        <line num="9" count="3" type="stmt"/>
        <line num="11" count="3" type="stmt"/>
        <line num="13" count="48" type="stmt"/>
        <line num="18" count="48" type="stmt"/>
        <line num="22" count="1" type="stmt"/>
        <line num="38" count="3" type="stmt"/>
        <line num="40" count="3" type="stmt"/>
        <line num="42" count="3" type="stmt"/>
        <line num="44" count="3" type="cond" truecount="1" falsecount="1"/>
        <line num="46" count="0" type="stmt"/>
        <line num="48" count="0" type="cond" truecount="0" falsecount="2"/>
        <line num="49" count="0" type="stmt"/>
        <line num="50" count="0" type="cond" truecount="0" falsecount="2"/>
        <line num="55" count="0" type="stmt"/>
        <line num="56" count="0" type="stmt"/>
        <line num="62" count="1" type="stmt"/>
        <line num="66" count="0" type="stmt"/>
        <line num="67" count="0" type="stmt"/>
        <line num="70" count="3" type="stmt"/>
      </file>
    </package>
  </project>
</coverage>
