{"C:/Users/hp/OneDrive/Bureau/matchy/src/cards.js": {"path":"C:/Users/hp/OneDrive/Bureau/matchy/src/cards.js","statementMap":{"0":{"start":{"line":1,"column":21},"end":{"line":98,"column":33}},"1":{"start":{"line":98,"column":13},"end":{"line":98,"column":32}}},"fnMap":{"0":{"name":"(anonymous_0)","decl":{"start":{"line":98,"column":7},"end":{"line":98,"column":8}},"loc":{"start":{"line":98,"column":13},"end":{"line":98,"column":32}}}},"branchMap":{},"s":{"0":1,"1":42},"f":{"0":42},"b":{}}
,"C:/Users/hp/OneDrive/Bureau/matchy/src/pages/Game.jsx": {"path":"C:/Users/hp/OneDrive/Bureau/matchy/src/pages/Game.jsx","statementMap":{"0":{"start":{"line":8,"column":38},"end":{"line":8,"column":null}},"1":{"start":{"line":9,"column":30},"end":{"line":9,"column":null}},"2":{"start":{"line":11,"column":20},"end":{"line":36,"column":null}},"3":{"start":{"line":13,"column":30},"end":{"line":16,"column":null}},"4":{"start":{"line":18,"column":8},"end":{"line":34,"column":null}},"5":{"start":{"line":22,"column":31},"end":{"line":22,"column":null}},"6":{"start":{"line":38,"column":22},"end":{"line":38,"column":null}},"7":{"start":{"line":38,"column":44},"end":{"line":38,"column":57}},"8":{"start":{"line":40,"column":4},"end":{"line":59,"column":null}},"9":{"start":{"line":42,"column":32},"end":{"line":42,"column":null}},"10":{"start":{"line":44,"column":8},"end":{"line":58,"column":null}},"11":{"start":{"line":46,"column":35},"end":{"line":46,"column":null}},"12":{"start":{"line":48,"column":12},"end":{"line":53,"column":null}},"13":{"start":{"line":49,"column":16},"end":{"line":52,"column":null}},"14":{"start":{"line":49,"column":37},"end":{"line":52,"column":18}},"15":{"start":{"line":50,"column":20},"end":{"line":51,"column":null}},"16":{"start":{"line":55,"column":12},"end":{"line":57,"column":null}},"17":{"start":{"line":56,"column":16},"end":{"line":56,"column":null}},"18":{"start":{"line":62,"column":8},"end":{"line":62,"column":null}},"19":{"start":{"line":62,"column":25},"end":{"line":62,"column":38}},"20":{"start":{"line":66,"column":8},"end":{"line":66,"column":null}},"21":{"start":{"line":67,"column":8},"end":{"line":67,"column":null}},"22":{"start":{"line":70,"column":4},"end":{"line":85,"column":null}}},"fnMap":{"0":{"name":"Game","decl":{"start":{"line":6,"column":24},"end":{"line":6,"column":31}},"loc":{"start":{"line":6,"column":31},"end":{"line":87,"column":null}}},"1":{"name":"(anonymous_1)","decl":{"start":{"line":11,"column":34},"end":{"line":11,"column":40}},"loc":{"start":{"line":11,"column":40},"end":{"line":36,"column":5}}},"2":{"name":"(anonymous_2)","decl":{"start":{"line":22,"column":25},"end":{"line":22,"column":31}},"loc":{"start":{"line":22,"column":31},"end":{"line":22,"column":null}}},"3":{"name":"(anonymous_3)","decl":{"start":{"line":38,"column":38},"end":{"line":38,"column":44}},"loc":{"start":{"line":38,"column":44},"end":{"line":38,"column":57}}},"4":{"name":"(anonymous_4)","decl":{"start":{"line":40,"column":14},"end":{"line":40,"column":20}},"loc":{"start":{"line":40,"column":20},"end":{"line":59,"column":7}}},"5":{"name":"(anonymous_5)","decl":{"start":{"line":49,"column":29},"end":{"line":49,"column":37}},"loc":{"start":{"line":49,"column":37},"end":{"line":52,"column":18}}},"6":{"name":"(anonymous_6)","decl":{"start":{"line":49,"column":46},"end":{"line":49,"column":52}},"loc":{"start":{"line":49,"column":52},"end":{"line":52,"column":17}}},"7":{"name":"(anonymous_7)","decl":{"start":{"line":55,"column":23},"end":{"line":55,"column":29}},"loc":{"start":{"line":55,"column":29},"end":{"line":57,"column":15}}},"8":{"name":"flipCard","decl":{"start":{"line":61,"column":13},"end":{"line":61,"column":22}},"loc":{"start":{"line":61,"column":26},"end":{"line":63,"column":null}}},"9":{"name":"(anonymous_9)","decl":{"start":{"line":62,"column":17},"end":{"line":62,"column":25}},"loc":{"start":{"line":62,"column":25},"end":{"line":62,"column":38}}},"10":{"name":"playAgain","decl":{"start":{"line":65,"column":13},"end":{"line":65,"column":25}},"loc":{"start":{"line":65,"column":25},"end":{"line":68,"column":null}}}},"branchMap":{"0":{"loc":{"start":{"line":15,"column":24},"end":{"line":15,"column":null}},"type":"binary-expr","locations":[{"start":{"line":15,"column":24},"end":{"line":15,"column":41}},{"start":{"line":15,"column":41},"end":{"line":15,"column":null}}]},"1":{"loc":{"start":{"line":23,"column":26},"end":{"line":23,"column":null}},"type":"binary-expr","locations":[{"start":{"line":23,"column":26},"end":{"line":23,"column":48}},{"start":{"line":23,"column":48},"end":{"line":23,"column":null}}]},"2":{"loc":{"start":{"line":44,"column":8},"end":{"line":58,"column":null}},"type":"if","locations":[{"start":{"line":44,"column":8},"end":{"line":58,"column":null}},{"start":{},"end":{}}]},"3":{"loc":{"start":{"line":48,"column":12},"end":{"line":53,"column":null}},"type":"if","locations":[{"start":{"line":48,"column":12},"end":{"line":53,"column":null}},{"start":{},"end":{}}]},"4":{"loc":{"start":{"line":50,"column":27},"end":{"line":51,"column":null}},"type":"cond-expr","locations":[{"start":{"line":51,"column":20},"end":{"line":51,"column":58}},{"start":{"line":51,"column":58},"end":{"line":51,"column":null}}]},"5":{"loc":{"start":{"line":76,"column":16},"end":{"line":76,"column":null}},"type":"cond-expr","locations":[{"start":{"line":76,"column":28},"end":{"line":76,"column":48}},{"start":{"line":76,"column":48},"end":{"line":76,"column":null}}]},"6":{"loc":{"start":{"line":79,"column":16},"end":{"line":83,"column":null}},"type":"cond-expr","locations":[{"start":{"line":80,"column":20},"end":{"line":82,"column":null}},{"start":{"line":83,"column":20},"end":{"line":83,"column":null}}]}},"s":{"0":3,"1":3,"2":3,"3":48,"4":48,"5":1,"6":3,"7":3,"8":3,"9":3,"10":3,"11":0,"12":0,"13":0,"14":0,"15":0,"16":0,"17":0,"18":1,"19":1,"20":0,"21":0,"22":3},"f":{"0":3,"1":48,"2":1,"3":3,"4":3,"5":0,"6":0,"7":0,"8":1,"9":1,"10":0},"b":{"0":[48,48],"1":[48,47],"2":[0,3],"3":[0,0],"4":[0,0],"5":[0,3],"6":[0,3]}}
}
