{"C:/Users/hp/OneDrive/Bureau/matchy/src/App.jsx": {"path":"C:/Users/hp/OneDrive/Bureau/matchy/src/App.jsx","statementMap":{"0":{"start":{"line":6,"column":30},"end":{"line":6,"column":null}},"1":{"start":{"line":8,"column":2},"end":{"line":13,"column":null}}},"fnMap":{"0":{"name":"App","decl":{"start":{"line":5,"column":24},"end":{"line":5,"column":30}},"loc":{"start":{"line":5,"column":30},"end":{"line":15,"column":null}}}},"branchMap":{"0":{"loc":{"start":{"line":11,"column":8},"end":{"line":11,"column":null}},"type":"cond-expr","locations":[{"start":{"line":11,"column":17},"end":{"line":11,"column":50}},{"start":{"line":11,"column":50},"end":{"line":11,"column":null}}]}},"s":{"0":2,"1":2},"f":{"0":2},"b":{"0":[1,1]}}
,"C:/Users/hp/OneDrive/Bureau/matchy/src/cards.js": {"path":"C:/Users/hp/OneDrive/Bureau/matchy/src/cards.js","statementMap":{"0":{"start":{"line":1,"column":21},"end":{"line":98,"column":1}}},"fnMap":{},"branchMap":{},"s":{"0":4},"f":{},"b":{}}
,"C:/Users/hp/OneDrive/Bureau/matchy/src/pages/Game.jsx": {"path":"C:/Users/hp/OneDrive/Bureau/matchy/src/pages/Game.jsx","statementMap":{"0":{"start":{"line":9,"column":38},"end":{"line":9,"column":null}},"1":{"start":{"line":9,"column":53},"end":{"line":9,"column":72}},"2":{"start":{"line":10,"column":30},"end":{"line":10,"column":null}},"3":{"start":{"line":11,"column":28},"end":{"line":11,"column":null}},"4":{"start":{"line":13,"column":20},"end":{"line":39,"column":null}},"5":{"start":{"line":15,"column":30},"end":{"line":18,"column":null}},"6":{"start":{"line":20,"column":8},"end":{"line":37,"column":null}},"7":{"start":{"line":24,"column":31},"end":{"line":24,"column":null}},"8":{"start":{"line":41,"column":22},"end":{"line":41,"column":null}},"9":{"start":{"line":41,"column":44},"end":{"line":41,"column":57}},"10":{"start":{"line":43,"column":4},"end":{"line":62,"column":null}},"11":{"start":{"line":45,"column":32},"end":{"line":45,"column":null}},"12":{"start":{"line":47,"column":8},"end":{"line":61,"column":null}},"13":{"start":{"line":49,"column":35},"end":{"line":49,"column":null}},"14":{"start":{"line":51,"column":12},"end":{"line":56,"column":null}},"15":{"start":{"line":52,"column":16},"end":{"line":55,"column":null}},"16":{"start":{"line":52,"column":37},"end":{"line":55,"column":18}},"17":{"start":{"line":53,"column":20},"end":{"line":54,"column":null}},"18":{"start":{"line":58,"column":12},"end":{"line":60,"column":null}},"19":{"start":{"line":59,"column":16},"end":{"line":59,"column":null}},"20":{"start":{"line":64,"column":4},"end":{"line":66,"column":null}},"21":{"start":{"line":65,"column":8},"end":{"line":65,"column":null}},"22":{"start":{"line":69,"column":8},"end":{"line":69,"column":null}},"23":{"start":{"line":69,"column":25},"end":{"line":69,"column":38}},"24":{"start":{"line":73,"column":8},"end":{"line":73,"column":null}},"25":{"start":{"line":73,"column":31},"end":{"line":73,"column":89}},"26":{"start":{"line":73,"column":60},"end":{"line":73,"column":87}},"27":{"start":{"line":74,"column":8},"end":{"line":74,"column":null}},"28":{"start":{"line":79,"column":25},"end":{"line":79,"column":null}},"29":{"start":{"line":82,"column":8},"end":{"line":87,"column":null}},"30":{"start":{"line":82,"column":21},"end":{"line":82,"column":42}},"31":{"start":{"line":84,"column":22},"end":{"line":84,"column":null}},"32":{"start":{"line":86,"column":12},"end":{"line":86,"column":null}},"33":{"start":{"line":89,"column":8},"end":{"line":89,"column":null}},"34":{"start":{"line":92,"column":4},"end":{"line":113,"column":null}}},"fnMap":{"0":{"name":"Game","decl":{"start":{"line":7,"column":24},"end":{"line":7,"column":31}},"loc":{"start":{"line":7,"column":31},"end":{"line":115,"column":null}}},"1":{"name":"(anonymous_1)","decl":{"start":{"line":9,"column":47},"end":{"line":9,"column":53}},"loc":{"start":{"line":9,"column":53},"end":{"line":9,"column":72}}},"2":{"name":"(anonymous_2)","decl":{"start":{"line":13,"column":34},"end":{"line":13,"column":40}},"loc":{"start":{"line":13,"column":40},"end":{"line":39,"column":5}}},"3":{"name":"(anonymous_3)","decl":{"start":{"line":24,"column":25},"end":{"line":24,"column":31}},"loc":{"start":{"line":24,"column":31},"end":{"line":24,"column":null}}},"4":{"name":"(anonymous_4)","decl":{"start":{"line":41,"column":38},"end":{"line":41,"column":44}},"loc":{"start":{"line":41,"column":44},"end":{"line":41,"column":57}}},"5":{"name":"(anonymous_5)","decl":{"start":{"line":43,"column":14},"end":{"line":43,"column":20}},"loc":{"start":{"line":43,"column":20},"end":{"line":62,"column":7}}},"6":{"name":"(anonymous_6)","decl":{"start":{"line":52,"column":29},"end":{"line":52,"column":37}},"loc":{"start":{"line":52,"column":37},"end":{"line":55,"column":18}}},"7":{"name":"(anonymous_7)","decl":{"start":{"line":52,"column":46},"end":{"line":52,"column":52}},"loc":{"start":{"line":52,"column":52},"end":{"line":55,"column":17}}},"8":{"name":"(anonymous_8)","decl":{"start":{"line":58,"column":23},"end":{"line":58,"column":29}},"loc":{"start":{"line":58,"column":29},"end":{"line":60,"column":15}}},"9":{"name":"(anonymous_9)","decl":{"start":{"line":64,"column":14},"end":{"line":64,"column":20}},"loc":{"start":{"line":64,"column":20},"end":{"line":66,"column":7}}},"10":{"name":"flipCard","decl":{"start":{"line":68,"column":13},"end":{"line":68,"column":22}},"loc":{"start":{"line":68,"column":26},"end":{"line":70,"column":null}}},"11":{"name":"(anonymous_11)","decl":{"start":{"line":69,"column":17},"end":{"line":69,"column":25}},"loc":{"start":{"line":69,"column":25},"end":{"line":69,"column":38}}},"12":{"name":"playAgain","decl":{"start":{"line":72,"column":13},"end":{"line":72,"column":25}},"loc":{"start":{"line":72,"column":25},"end":{"line":75,"column":null}}},"13":{"name":"(anonymous_13)","decl":{"start":{"line":73,"column":21},"end":{"line":73,"column":22}},"loc":{"start":{"line":73,"column":31},"end":{"line":73,"column":89}}},"14":{"name":"(anonymous_14)","decl":{"start":{"line":73,"column":53},"end":{"line":73,"column":60}},"loc":{"start":{"line":73,"column":60},"end":{"line":73,"column":87}}},"15":{"name":"shuffleCards","decl":{"start":{"line":77,"column":13},"end":{"line":77,"column":26}},"loc":{"start":{"line":77,"column":33},"end":{"line":90,"column":null}}}},"branchMap":{"0":{"loc":{"start":{"line":17,"column":24},"end":{"line":17,"column":null}},"type":"binary-expr","locations":[{"start":{"line":17,"column":24},"end":{"line":17,"column":41}},{"start":{"line":17,"column":41},"end":{"line":17,"column":null}}]},"1":{"loc":{"start":{"line":25,"column":26},"end":{"line":25,"column":null}},"type":"binary-expr","locations":[{"start":{"line":25,"column":26},"end":{"line":25,"column":48}},{"start":{"line":25,"column":48},"end":{"line":25,"column":null}}]},"2":{"loc":{"start":{"line":47,"column":8},"end":{"line":61,"column":null}},"type":"if","locations":[{"start":{"line":47,"column":8},"end":{"line":61,"column":null}},{"start":{},"end":{}}]},"3":{"loc":{"start":{"line":51,"column":12},"end":{"line":56,"column":null}},"type":"if","locations":[{"start":{"line":51,"column":12},"end":{"line":56,"column":null}},{"start":{},"end":{}}]},"4":{"loc":{"start":{"line":53,"column":27},"end":{"line":54,"column":null}},"type":"cond-expr","locations":[{"start":{"line":54,"column":20},"end":{"line":54,"column":58}},{"start":{"line":54,"column":58},"end":{"line":54,"column":null}}]},"5":{"loc":{"start":{"line":65,"column":8},"end":{"line":65,"column":null}},"type":"cond-expr","locations":[{"start":{"line":65,"column":20},"end":{"line":65,"column":54}},{"start":{"line":65,"column":54},"end":{"line":65,"column":null}}]},"6":{"loc":{"start":{"line":98,"column":16},"end":{"line":98,"column":null}},"type":"cond-expr","locations":[{"start":{"line":98,"column":28},"end":{"line":98,"column":48}},{"start":{"line":98,"column":48},"end":{"line":98,"column":null}}]},"7":{"loc":{"start":{"line":101,"column":16},"end":{"line":111,"column":null}},"type":"cond-expr","locations":[{"start":{"line":102,"column":20},"end":{"line":110,"column":null}},{"start":{"line":111,"column":20},"end":{"line":111,"column":null}}]}},"s":{"0":10,"1":5,"2":10,"3":10,"4":10,"5":160,"6":160,"7":3,"8":10,"9":25,"10":10,"11":9,"12":9,"13":1,"14":1,"15":1,"16":1,"17":16,"18":1,"19":0,"20":10,"21":6,"22":3,"23":3,"24":1,"25":1,"26":16,"27":1,"28":6,"29":6,"30":6,"31":90,"32":90,"33":6,"34":10},"f":{"0":10,"1":5,"2":160,"3":3,"4":25,"5":9,"6":1,"7":16,"8":0,"9":6,"10":3,"11":3,"12":1,"13":1,"14":16,"15":6},"b":{"0":[160,142],"1":[160,156],"2":[1,8],"3":[1,0],"4":[2,14],"5":[1,5],"6":[1,9],"7":[1,9]}}
,"C:/Users/hp/OneDrive/Bureau/matchy/src/pages/Home.jsx": {"path":"C:/Users/hp/OneDrive/Bureau/matchy/src/pages/Home.jsx","statementMap":{"0":{"start":{"line":4,"column":2},"end":{"line":12,"column":null}},"1":{"start":{"line":10,"column":31},"end":{"line":10,"column":49}}},"fnMap":{"0":{"name":"Home","decl":{"start":{"line":3,"column":24},"end":{"line":3,"column":29}},"loc":{"start":{"line":3,"column":44},"end":{"line":14,"column":null}}},"1":{"name":"(anonymous_1)","decl":{"start":{"line":10,"column":25},"end":{"line":10,"column":31}},"loc":{"start":{"line":10,"column":31},"end":{"line":10,"column":49}}}},"branchMap":{},"s":{"0":1,"1":1},"f":{"0":1,"1":1},"b":{}}
}
